front/app/build/intermediates/manifest_merge_blame_file/release/manifest-merger-blame-release-report.txt
1<?xml version="1.0" encoding="utf-8"?>
2<!--
3    Copyright 2019 Google Inc. All Rights Reserved.
4
5     Licensed under the Apache License, Version 2.0 (the "License");
6     you may not use this file except in compliance with the License.
7     You may obtain a copy of the License at
8
9         http://www.apache.org/licenses/LICENSE-2.0
10
11     Unless required by applicable law or agreed to in writing, software
12     distributed under the License is distributed on an "AS IS" BASIS,
13     WITHOUT WARRANTIES OR CONDITIONS OF ANY KIND, either express or implied.
14     See the License for the specific language governing permissions and
15     limitations under the License.
16-->
17<!--
18 The "package" attribute is rewritten by the Gradle build with the value of applicationId.
19     It is still required here, as it is used to derive paths, for instance when referring
20     to an Activity by ".MyActivity" instead of the full name. If more Activities are added to the
21     application, the package attribute will need to reflect the correct path in order to use
22     the abbreviated format.
23-->
24<manifest xmlns:android="http://schemas.android.com/apk/res/android"
25    package="com.festalfactory.twa"
26    android:versionCode="1"
27    android:versionName="1" >
28
29    <uses-sdk
30        android:minSdkVersion="19"
30-->src\main\AndroidManifest.xml
31        android:targetSdkVersion="30" />
31-->src\main\AndroidManifest.xml
32
33    <uses-permission android:name="android.permission.ACCESS_FINE_LOCATION" />
33-->[com.google.androidbrowserhelper:locationdelegation:1.0.1] AndroidManifest.xml:11:5-79
33-->[com.google.androidbrowserhelper:locationdelegation:1.0.1] AndroidManifest.xml:11:22-76
34
35    <queries>
35-->[com.google.androidbrowserhelper:androidbrowserhelper:2.2.1] AndroidManifest.xml:26:5-34:15
36        <intent>
36-->[com.google.androidbrowserhelper:androidbrowserhelper:2.2.1] AndroidManifest.xml:27:9-33:18
37            <action android:name="android.intent.action.VIEW" />
37-->src\main\AndroidManifest.xml:122:17-68
37-->src\main\AndroidManifest.xml:122:25-66
38
39            <category android:name="android.intent.category.BROWSABLE" />
39-->src\main\AndroidManifest.xml:124:17-77
39-->src\main\AndroidManifest.xml:124:27-75
40
41            <data android:scheme="https" />
41-->src\main\AndroidManifest.xml:125:17-126:54
41-->src\main\AndroidManifest.xml:125:23-45
42        </intent>
43    </queries>
44
45    <uses-permission android:name="com.android.vending.BILLING" />
45-->[com.android.billingclient:billing:4.0.0] AndroidManifest.xml:10:5-67
45-->[com.android.billingclient:billing:4.0.0] AndroidManifest.xml:10:22-64
46
47    <application
47-->src\main\AndroidManifest.xml:29:5-193:19
48        android:name="com.festalfactory.twa.Application"
48-->src\main\AndroidManifest.xml:30:9-35
49        android:allowBackup="true"
49-->src\main\AndroidManifest.xml:31:9-35
50        android:appComponentFactory="androidx.core.app.CoreComponentFactory"
50-->[androidx.core:core:1.1.0] AndroidManifest.xml:24:18-86
51        android:icon="@mipmap/ic_launcher"
51-->src\main\AndroidManifest.xml:32:9-43
52        android:label="@string/appName"
52-->src\main\AndroidManifest.xml:33:9-40
53        android:manageSpaceActivity="com.google.androidbrowserhelper.trusted.ManageDataLauncherActivity"
53-->src\main\AndroidManifest.xml:35:9-105
54        android:supportsRtl="true"
54-->src\main\AndroidManifest.xml:37:9-35
55        android:theme="@android:style/Theme.Translucent.NoTitleBar" >
55-->src\main\AndroidManifest.xml:38:9-68
56        <meta-data
56-->src\main\AndroidManifest.xml:40:9-42:58
57            android:name="asset_statements"
57-->src\main\AndroidManifest.xml:41:13-44
58            android:resource="@string/assetStatements" />
58-->src\main\AndroidManifest.xml:42:13-55
59        <meta-data
59-->src\main\AndroidManifest.xml:45:13-47:58
60            android:name="web_manifest_url"
60-->src\main\AndroidManifest.xml:46:17-48
61            android:value="@string/webManifestUrl" />
61-->src\main\AndroidManifest.xml:47:17-55
62        <meta-data
62-->src\main\AndroidManifest.xml:50:9-52:52
63            android:name="twa_generator"
63-->src\main\AndroidManifest.xml:51:13-41
64            android:value="@string/generatorApp" />
64-->src\main\AndroidManifest.xml:52:13-49
65
66        <activity android:name="com.google.androidbrowserhelper.trusted.ManageDataLauncherActivity" >
66-->src\main\AndroidManifest.xml:55:13-59:24
66-->src\main\AndroidManifest.xml:55:23-104
67            <meta-data
67-->src\main\AndroidManifest.xml:56:13-58:53
68                android:name="android.support.customtabs.trusted.MANAGE_SPACE_URL"
68-->src\main\AndroidManifest.xml:57:17-83
69                android:value="@string/launchUrl" />
69-->src\main\AndroidManifest.xml:58:17-50
70        </activity>
71        <activity
71-->src\main\AndroidManifest.xml:62:9-130:20
72            android:name="com.festalfactory.twa.LauncherActivity"
72-->src\main\AndroidManifest.xml:62:19-50
73            android:alwaysRetainTaskState="true"
73-->src\main\AndroidManifest.xml:63:13-49
74            android:label="@string/launcherName" >
74-->src\main\AndroidManifest.xml:64:13-49
75            <meta-data
75-->src\main\AndroidManifest.xml:65:13-66:53
76                android:name="android.support.customtabs.trusted.DEFAULT_URL"
76-->src\main\AndroidManifest.xml:65:24-85
77                android:value="@string/launchUrl" />
77-->src\main\AndroidManifest.xml:66:17-50
78            <meta-data
78-->src\main\AndroidManifest.xml:68:13-70:58
79                android:name="android.support.customtabs.trusted.STATUS_BAR_COLOR"
79-->src\main\AndroidManifest.xml:69:17-83
80                android:resource="@color/colorPrimary" />
80-->src\main\AndroidManifest.xml:70:17-55
81            <meta-data
81-->src\main\AndroidManifest.xml:72:13-74:61
82                android:name="android.support.customtabs.trusted.NAVIGATION_BAR_COLOR"
82-->src\main\AndroidManifest.xml:73:17-87
83                android:resource="@color/navigationColor" />
83-->src\main\AndroidManifest.xml:74:17-58
84            <meta-data
84-->src\main\AndroidManifest.xml:76:13-78:65
85                android:name="android.support.customtabs.trusted.NAVIGATION_BAR_COLOR_DARK"
85-->src\main\AndroidManifest.xml:77:17-92
86                android:resource="@color/navigationColorDark" />
86-->src\main\AndroidManifest.xml:78:17-62
87            <meta-data
87-->src\main\AndroidManifest.xml:80:13-82:68
88                android:name="androix.browser.trusted.NAVIGATION_BAR_DIVIDER_COLOR"
88-->src\main\AndroidManifest.xml:81:17-84
89                android:resource="@color/navigationDividerColor" />
89-->src\main\AndroidManifest.xml:82:17-65
90            <meta-data
90-->src\main\AndroidManifest.xml:84:13-86:72
91                android:name="androix.browser.trusted.NAVIGATION_BAR_DIVIDER_COLOR_DARK"
91-->src\main\AndroidManifest.xml:85:17-89
92                android:resource="@color/navigationDividerColorDark" />
92-->src\main\AndroidManifest.xml:86:17-69
93            <meta-data
93-->src\main\AndroidManifest.xml:88:13-89:54
94                android:name="android.support.customtabs.trusted.SPLASH_IMAGE_DRAWABLE"
94-->src\main\AndroidManifest.xml:88:24-95
95                android:resource="@drawable/splash" />
95-->src\main\AndroidManifest.xml:89:17-52
96            <meta-data
96-->src\main\AndroidManifest.xml:91:13-92:60
97                android:name="android.support.customtabs.trusted.SPLASH_SCREEN_BACKGROUND_COLOR"
97-->src\main\AndroidManifest.xml:91:24-104
98                android:resource="@color/backgroundColor" />
98-->src\main\AndroidManifest.xml:92:17-58
99            <meta-data
99-->src\main\AndroidManifest.xml:94:13-95:71
100                android:name="android.support.customtabs.trusted.SPLASH_SCREEN_FADE_OUT_DURATION"
100-->src\main\AndroidManifest.xml:94:24-105
101                android:value="@integer/splashScreenFadeOutDuration" />
101-->src\main\AndroidManifest.xml:95:17-69
102            <meta-data
102-->src\main\AndroidManifest.xml:97:13-98:60
103                android:name="android.support.customtabs.trusted.FILE_PROVIDER_AUTHORITY"
103-->src\main\AndroidManifest.xml:97:24-97
104                android:value="@string/providerAuthority" />
104-->src\main\AndroidManifest.xml:98:17-58
105            <meta-data
105-->src\main\AndroidManifest.xml:100:13-97
106                android:name="android.app.shortcuts"
106-->src\main\AndroidManifest.xml:100:24-60
107                android:resource="@xml/shortcuts" />
107-->src\main\AndroidManifest.xml:100:61-94
108            <meta-data
108-->src\main\AndroidManifest.xml:102:13-103:56
109                android:name="android.support.customtabs.trusted.FALLBACK_STRATEGY"
109-->src\main\AndroidManifest.xml:102:24-91
110                android:value="@string/fallbackType" />
110-->src\main\AndroidManifest.xml:103:17-53
111            <meta-data
111-->src\main\AndroidManifest.xml:109:13-110:54
112                android:name="android.support.customtabs.trusted.SCREEN_ORIENTATION"
112-->src\main\AndroidManifest.xml:109:24-92
113                android:value="@string/orientation" />
113-->src\main\AndroidManifest.xml:110:17-52
114
115            <intent-filter>
115-->src\main\AndroidManifest.xml:116:13-119:29
116                <action android:name="android.intent.action.MAIN" />
116-->src\main\AndroidManifest.xml:117:17-69
116-->src\main\AndroidManifest.xml:117:25-66
117
118                <category android:name="android.intent.category.LAUNCHER" />
118-->src\main\AndroidManifest.xml:118:17-77
118-->src\main\AndroidManifest.xml:118:27-74
119            </intent-filter>
120            <intent-filter android:autoVerify="true" >
120-->src\main\AndroidManifest.xml:121:13-127:29
120-->src\main\AndroidManifest.xml:121:28-53
121                <action android:name="android.intent.action.VIEW" />
121-->src\main\AndroidManifest.xml:122:17-68
121-->src\main\AndroidManifest.xml:122:25-66
122
123                <category android:name="android.intent.category.DEFAULT" />
123-->src\main\AndroidManifest.xml:123:17-76
123-->src\main\AndroidManifest.xml:123:27-73
124                <category android:name="android.intent.category.BROWSABLE" />
124-->src\main\AndroidManifest.xml:124:17-77
124-->src\main\AndroidManifest.xml:124:27-75
125
126                <data
126-->src\main\AndroidManifest.xml:125:17-126:54
127                    android:host="@string/hostName"
127-->src\main\AndroidManifest.xml:126:21-52
128                    android:scheme="https" />
128-->src\main\AndroidManifest.xml:125:23-45
129            </intent-filter>
130        </activity>
131        <activity android:name="com.google.androidbrowserhelper.trusted.FocusActivity" />
131-->src\main\AndroidManifest.xml:132:9-90
131-->src\main\AndroidManifest.xml:132:19-87
132        <activity
132-->src\main\AndroidManifest.xml:134:9-135:62
133            android:name="com.google.androidbrowserhelper.trusted.WebViewFallbackActivity"
133-->src\main\AndroidManifest.xml:134:19-97
134            android:configChanges="orientation|screenSize" />
134-->src\main\AndroidManifest.xml:135:13-59
135
136        <provider
136-->src\main\AndroidManifest.xml:137:9-145:20
137            android:name="androidx.core.content.FileProvider"
137-->src\main\AndroidManifest.xml:138:13-62
138            android:authorities="@string/providerAuthority"
138-->src\main\AndroidManifest.xml:139:13-60
139            android:exported="false"
139-->src\main\AndroidManifest.xml:141:13-37
140            android:grantUriPermissions="true" >
140-->src\main\AndroidManifest.xml:140:13-47
141            <meta-data
141-->src\main\AndroidManifest.xml:142:13-144:53
142                android:name="android.support.FILE_PROVIDER_PATHS"
142-->src\main\AndroidManifest.xml:143:17-67
143                android:resource="@xml/filepaths" />
143-->src\main\AndroidManifest.xml:144:17-50
144        </provider>
145
146        <service
146-->src\main\AndroidManifest.xml:147:9-162:19
147            android:name="com.festalfactory.twa.DelegationService"
147-->src\main\AndroidManifest.xml:148:13-46
148            android:enabled="@bool/enableNotification"
148-->src\main\AndroidManifest.xml:149:13-55
149            android:exported="@bool/enableNotification" >
149-->src\main\AndroidManifest.xml:150:13-56
150            <meta-data
150-->src\main\AndroidManifest.xml:153:17-155:73
151                android:name="android.support.customtabs.trusted.SMALL_ICON"
151-->src\main\AndroidManifest.xml:154:21-81
152                android:resource="@drawable/ic_notification_icon" />
152-->src\main\AndroidManifest.xml:155:21-70
153
154            <intent-filter>
154-->src\main\AndroidManifest.xml:158:13-161:29
155                <action android:name="android.support.customtabs.trusted.TRUSTED_WEB_ACTIVITY_SERVICE" />
155-->src\main\AndroidManifest.xml:159:17-105
155-->src\main\AndroidManifest.xml:159:25-103
156
157                <category android:name="android.intent.category.DEFAULT" />
157-->src\main\AndroidManifest.xml:123:17-76
157-->src\main\AndroidManifest.xml:123:27-73
158            </intent-filter>
159        </service>
160
161        <activity android:name="com.google.androidbrowserhelper.locationdelegation.PermissionRequestActivity" />
161-->src\main\AndroidManifest.xml:165:13-166:89
161-->src\main\AndroidManifest.xml:165:23-123
162        <activity
162-->src\main\AndroidManifest.xml:169:9-182:20
163            android:name="com.google.androidbrowserhelper.playbilling.provider.PaymentActivity"
163-->src\main\AndroidManifest.xml:170:13-96
164            android:configChanges="keyboardHidden|keyboard|orientation|screenLayout|screenSize"
164-->src\main\AndroidManifest.xml:172:13-96
165            android:exported="true"
165-->src\main\AndroidManifest.xml:173:13-36
166            android:theme="@android:style/Theme.Translucent.NoTitleBar" >
166-->src\main\AndroidManifest.xml:171:13-72
167            <intent-filter>
167-->src\main\AndroidManifest.xml:175:13-177:29
168                <action android:name="org.chromium.intent.action.PAY" />
168-->src\main\AndroidManifest.xml:176:17-73
168-->src\main\AndroidManifest.xml:176:25-70
169            </intent-filter>
170
171            <meta-data
171-->src\main\AndroidManifest.xml:179:13-181:67
172                android:name="org.chromium.default_payment_method_name"
172-->src\main\AndroidManifest.xml:180:17-72
173                android:value="https://play.google.com/billing" />
173-->src\main\AndroidManifest.xml:181:17-64
174        </activity>
175
176        <!-- This service checks who calls it at runtime. -->
177        <service
177-->src\main\AndroidManifest.xml:185:9-191:19
178            android:name="com.google.androidbrowserhelper.playbilling.provider.PaymentService"
178-->src\main\AndroidManifest.xml:186:13-95
179            android:exported="true" >
179-->src\main\AndroidManifest.xml:187:13-36
180            <intent-filter>
180-->src\main\AndroidManifest.xml:188:13-190:29
181                <action android:name="org.chromium.intent.action.IS_READY_TO_PAY" />
181-->src\main\AndroidManifest.xml:189:17-85
181-->src\main\AndroidManifest.xml:189:25-82
182            </intent-filter>
183        </service>
184
185        <meta-data
185-->[com.android.billingclient:billing:4.0.0] AndroidManifest.xml:13:9-15:37
186            android:name="com.google.android.play.billingclient.version"
186-->[com.android.billingclient:billing:4.0.0] AndroidManifest.xml:14:13-73
187            android:value="4.0.0" />
187-->[com.android.billingclient:billing:4.0.0] AndroidManifest.xml:15:13-34
188
189        <activity
189-->[com.android.billingclient:billing:4.0.0] AndroidManifest.xml:17:9-21:75
190            android:name="com.android.billingclient.api.ProxyBillingActivity"
190-->[com.android.billingclient:billing:4.0.0] AndroidManifest.xml:18:13-78
191            android:configChanges="keyboard|keyboardHidden|screenLayout|screenSize|orientation"
191-->[com.android.billingclient:billing:4.0.0] AndroidManifest.xml:19:13-96
192            android:exported="false"
192-->[com.android.billingclient:billing:4.0.0] AndroidManifest.xml:20:13-37
193            android:theme="@android:style/Theme.Translucent.NoTitleBar" />
193-->[com.android.billingclient:billing:4.0.0] AndroidManifest.xml:21:13-72
194        <activity
194-->[com.google.android.gms:play-services-base:17.0.0] AndroidManifest.xml:23:9-26:75
195            android:name="com.google.android.gms.common.api.GoogleApiActivity"
195-->[com.google.android.gms:play-services-base:17.0.0] AndroidManifest.xml:24:13-79
196            android:exported="false"
196-->[com.google.android.gms:play-services-base:17.0.0] AndroidManifest.xml:25:13-37
197            android:theme="@android:style/Theme.Translucent.NoTitleBar" />
197-->[com.google.android.gms:play-services-base:17.0.0] AndroidManifest.xml:26:13-72
198
199        <meta-data
199-->[com.google.android.gms:play-services-basement:17.0.0] AndroidManifest.xml:23:9-25:69
200            android:name="com.google.android.gms.version"
200-->[com.google.android.gms:play-services-basement:17.0.0] AndroidManifest.xml:24:13-58
201            android:value="@integer/google_play_services_version" />
201-->[com.google.android.gms:play-services-basement:17.0.0] AndroidManifest.xml:25:13-66
202    </application>
203
204</manifest>